[roslaunch][INFO] 2019-04-02 21:25:02,487: Checking log directory for disk usage. This may take awhile.
Press Ctrl-C to interrupt
[roslaunch][INFO] 2019-04-02 21:25:02,489: Done checking log file disk usage. Usage is <1GB.
[roslaunch][INFO] 2019-04-02 21:25:02,489: roslaunch starting with args ['roscore', '--core']
[roslaunch][INFO] 2019-04-02 21:25:02,489: roslaunch env is {'ROS_DISTRO': 'indigo', 'ROSLISP_PACKAGE_DIRECTORIES': '', 'CPATH': '/opt/ros/indigo/include', 'ROS_PACKAGE_PATH': '/opt/ros/indigo/share:/opt/ros/indigo/stacks', 'PATH': '/opt/ros/indigo/bin:/usr/local/sbin:/usr/local/bin:/usr/sbin:/usr/bin:/sbin:/bin', 'CMAKE_PREFIX_PATH': '/opt/ros/indigo', 'LD_LIBRARY_PATH': '/opt/ros/indigo/lib', 'LANG': 'C.UTF-8', 'TERM': 'xterm', 'SHLVL': '1', 'ROS_LOG_FILENAME': '/home/developer/.ros/log/c6be71a4-558d-11e9-bf58-0242ac110002/roslaunch-9fe54ba3caf9-34.log', 'ROS_MASTER_URI': 'http://localhost:11311', 'HOME': '/home/developer', 'PYTHONPATH': '/opt/ros/indigo/lib/python2.7/dist-packages', 'ROS_ROOT': '/opt/ros/indigo/share/ros', 'PKG_CONFIG_PATH': '/opt/ros/indigo/lib/pkgconfig', 'LC_ALL': 'C.UTF-8', '_': '/opt/ros/indigo/bin/roscore', 'HOST_UID': '1000', 'HOST_GID': '1000', 'HOSTNAME': '9fe54ba3caf9', 'PWD': '/home/developer', 'ROS_ETC_DIR': '/opt/ros/indigo/etc/ros'}
[roslaunch][INFO] 2019-04-02 21:25:02,489: starting in server mode
[roslaunch.parent][INFO] 2019-04-02 21:25:02,490: starting roslaunch parent run
[roslaunch][INFO] 2019-04-02 21:25:02,490: loading roscore config file /opt/ros/indigo/etc/ros/roscore.xml
[roslaunch][INFO] 2019-04-02 21:25:02,604: Added core node of type [rosout/rosout] in namespace [/]
[roslaunch.pmon][INFO] 2019-04-02 21:25:02,604: start_process_monitor: creating ProcessMonitor
[roslaunch.pmon][INFO] 2019-04-02 21:25:02,604: created process monitor <ProcessMonitor(ProcessMonitor-1, initial daemon)>
[roslaunch.pmon][INFO] 2019-04-02 21:25:02,604: start_process_monitor: ProcessMonitor started
[roslaunch.parent][INFO] 2019-04-02 21:25:02,605: starting parent XML-RPC server
[roslaunch.server][INFO] 2019-04-02 21:25:02,605: starting roslaunch XML-RPC server
[roslaunch.server][INFO] 2019-04-02 21:25:02,605: waiting for roslaunch XML-RPC server to initialize
[xmlrpc][INFO] 2019-04-02 21:25:02,605: XML-RPC server binding to 0.0.0.0:0
[xmlrpc][INFO] 2019-04-02 21:25:02,606: Started XML-RPC server [http://9fe54ba3caf9:41639/]
[xmlrpc][INFO] 2019-04-02 21:25:02,606: xml rpc node: starting XML-RPC server
[roslaunch][INFO] 2019-04-02 21:25:02,617: started roslaunch server http://9fe54ba3caf9:41639/
[roslaunch.parent][INFO] 2019-04-02 21:25:02,618: ... parent XML-RPC server started
[roslaunch][INFO] 2019-04-02 21:25:02,618: master.is_running[http://9fe54ba3caf9:11311/]
[roslaunch][INFO] 2019-04-02 21:25:02,619: auto-starting new master
[roslaunch][INFO] 2019-04-02 21:25:02,620: create_master_process: rosmaster, /opt/ros/indigo/share/ros, 11311, 3, None
[roslaunch][INFO] 2019-04-02 21:25:02,620: process[master]: launching with args [['rosmaster', '--core', '-p', '11311', '-w', '3']]
[roslaunch.pmon][INFO] 2019-04-02 21:25:02,620: ProcessMonitor.register[master]
[roslaunch.pmon][INFO] 2019-04-02 21:25:02,620: ProcessMonitor.register[master] complete
[roslaunch][INFO] 2019-04-02 21:25:02,620: process[master]: starting os process
[roslaunch][INFO] 2019-04-02 21:25:02,620: process[master]: start w/ args [['rosmaster', '--core', '-p', '11311', '-w', '3', '__log:=/home/developer/.ros/log/c6be71a4-558d-11e9-bf58-0242ac110002/master.log']]
[roslaunch][INFO] 2019-04-02 21:25:02,620: process[master]: cwd will be [/home/developer/.ros]
[roslaunch][INFO] 2019-04-02 21:25:02,854: process[master]: started with pid [45]
[roslaunch][INFO] 2019-04-02 21:25:02,854: master.is_running[http://9fe54ba3caf9:11311/]
[roslaunch][INFO] 2019-04-02 21:25:02,955: master.is_running[http://9fe54ba3caf9:11311/]
[roslaunch][INFO] 2019-04-02 21:25:02,956: master.is_running[http://9fe54ba3caf9:11311/]
[roslaunch][INFO] 2019-04-02 21:25:02,958: ROS_MASTER_URI=http://9fe54ba3caf9:11311/
[roslaunch][INFO] 2019-04-02 21:25:02,959: setting /run_id to c6be71a4-558d-11e9-bf58-0242ac110002
[roslaunch][INFO] 2019-04-02 21:25:02,961: setting /roslaunch/uris/host_9fe54ba3caf9__41639' to http://9fe54ba3caf9:41639/
[roslaunch][INFO] 2019-04-02 21:25:02,963: ... preparing to launch node of type [rosout/rosout]
[roslaunch][INFO] 2019-04-02 21:25:02,963: create_node_process: package[rosout] type[rosout] machine[Machine(name[] env_loader[None] address[localhost] ssh_port[22] user[None] assignable[True] timeout[10.0])] master_uri[http://9fe54ba3caf9:11311/]
[roslaunch][INFO] 2019-04-02 21:25:02,963: process[rosout-1]: env[{'ROS_DISTRO': 'indigo', 'ROSLISP_PACKAGE_DIRECTORIES': '', 'CPATH': '/opt/ros/indigo/include', 'ROS_PACKAGE_PATH': '/opt/ros/indigo/share:/opt/ros/indigo/stacks', 'PATH': '/opt/ros/indigo/bin:/usr/local/sbin:/usr/local/bin:/usr/sbin:/usr/bin:/sbin:/bin', 'CMAKE_PREFIX_PATH': '/opt/ros/indigo', 'ROS_LOG_FILENAME': '/home/developer/.ros/log/c6be71a4-558d-11e9-bf58-0242ac110002/roslaunch-9fe54ba3caf9-34.log', 'LANG': 'C.UTF-8', 'TERM': 'xterm', 'SHLVL': '1', 'LD_LIBRARY_PATH': '/opt/ros/indigo/lib', 'ROS_ETC_DIR': '/opt/ros/indigo/etc/ros', 'HOME': '/home/developer', 'PYTHONPATH': '/opt/ros/indigo/lib/python2.7/dist-packages', 'ROS_ROOT': '/opt/ros/indigo/share/ros', 'PKG_CONFIG_PATH': '/opt/ros/indigo/lib/pkgconfig', 'LC_ALL': 'C.UTF-8', '_': '/opt/ros/indigo/bin/roscore', 'HOST_UID': '1000', 'HOST_GID': '1000', 'HOSTNAME': '9fe54ba3caf9', 'PWD': '/home/developer', 'ROS_MASTER_URI': 'http://9fe54ba3caf9:11311/'}]
[roslaunch][INFO] 2019-04-02 21:25:02,980: process[rosout-1]: args[[u'/opt/ros/indigo/lib/rosout/rosout', u'__name:=rosout']]
[roslaunch][INFO] 2019-04-02 21:25:02,981: ... created process [rosout-1]
[roslaunch.pmon][INFO] 2019-04-02 21:25:02,981: ProcessMonitor.register[rosout-1]
[roslaunch.pmon][INFO] 2019-04-02 21:25:02,981: ProcessMonitor.register[rosout-1] complete
[roslaunch][INFO] 2019-04-02 21:25:02,981: ... registered process [rosout-1]
[roslaunch][INFO] 2019-04-02 21:25:02,981: process[rosout-1]: starting os process
[roslaunch][INFO] 2019-04-02 21:25:02,981: process[rosout-1]: start w/ args [[u'/opt/ros/indigo/lib/rosout/rosout', u'__name:=rosout', u'__log:=/home/developer/.ros/log/c6be71a4-558d-11e9-bf58-0242ac110002/rosout-1.log']]
[roslaunch][INFO] 2019-04-02 21:25:02,981: process[rosout-1]: cwd will be [/home/developer/.ros]
[roslaunch][INFO] 2019-04-02 21:25:03,213: process[rosout-1]: started with pid [58]
[roslaunch][INFO] 2019-04-02 21:25:03,213: ... successfully launched [rosout-1]
[roslaunch][INFO] 2019-04-02 21:25:03,213: load_parameters starting ...
[roslaunch][INFO] 2019-04-02 21:25:03,216: ... load_parameters complete
[roslaunch][INFO] 2019-04-02 21:25:03,216: launch_nodes: launching local nodes ...
[roslaunch][INFO] 2019-04-02 21:25:03,216: ... launch_nodes complete
[roslaunch.pmon][INFO] 2019-04-02 21:25:03,216: registrations completed <ProcessMonitor(ProcessMonitor-1, started daemon 140287306041088)>
[roslaunch.parent][INFO] 2019-04-02 21:25:03,216: ... roslaunch parent running, waiting for process exit
[roslaunch][INFO] 2019-04-02 21:25:03,216: spin
[roslaunch.pmon][INFO] 2019-04-02 21:25:05,331: ProcessMonitor.shutdown <ProcessMonitor(ProcessMonitor-1, started daemon 140287306041088)>
[roslaunch.pmon][INFO] 2019-04-02 21:25:05,409: ProcessMonitor._post_run <ProcessMonitor(ProcessMonitor-1, started daemon 140287306041088)>
[roslaunch.pmon][INFO] 2019-04-02 21:25:05,410: ProcessMonitor._post_run <ProcessMonitor(ProcessMonitor-1, started daemon 140287306041088)>: remaining procs are [<roslaunch.nodeprocess.LocalProcess object at 0x7f972f120d90>, <roslaunch.nodeprocess.LocalProcess object at 0x7f972f0cb190>]
[roslaunch.pmon][INFO] 2019-04-02 21:25:05,412: ProcessMonitor exit: killing rosout-1
[roslaunch][INFO] 2019-04-02 21:25:05,413: [rosout-1] killing on exit
[roslaunch][INFO] 2019-04-02 21:25:05,413: process[rosout-1]: killing os process with pid[58] pgid[58]
[roslaunch][INFO] 2019-04-02 21:25:05,413: [rosout-1] sending SIGINT to pgid [58]
[roslaunch][INFO] 2019-04-02 21:25:05,413: [rosout-1] sent SIGINT to pgid [58]
[roslaunch][INFO] 2019-04-02 21:25:05,614: process[rosout-1]: SIGINT killed with return value 0
[roslaunch.pmon][INFO] 2019-04-02 21:25:05,614: ProcessMonitor exit: killing master
[roslaunch][INFO] 2019-04-02 21:25:05,614: [master] killing on exit
[roslaunch][INFO] 2019-04-02 21:25:05,614: process[master]: killing os process with pid[45] pgid[45]
[roslaunch][INFO] 2019-04-02 21:25:05,614: [master] sending SIGINT to pgid [45]
[roslaunch][INFO] 2019-04-02 21:25:05,615: [master] sent SIGINT to pgid [45]
[roslaunch][INFO] 2019-04-02 21:25:05,815: process[master]: SIGINT killed with return value 0
[roslaunch.pmon][INFO] 2019-04-02 21:25:05,815: ProcessMonitor exit: cleaning up data structures and signals
[roslaunch.pmon][INFO] 2019-04-02 21:25:05,815: ProcessMonitor exit: pmon has shutdown
[roslaunch][INFO] 2019-04-02 21:25:05,846: process monitor is done spinning, initiating full shutdown
[roslaunch][INFO] 2019-04-02 21:25:05,846: runner.stop()
[roslaunch][INFO] 2019-04-02 21:25:05,846: shutting down processing monitor...
[roslaunch][INFO] 2019-04-02 21:25:05,846: shutting down processing monitor <ProcessMonitor(ProcessMonitor-1, stopped daemon 140287306041088)>
[roslaunch.pmon][INFO] 2019-04-02 21:25:05,847: ProcessMonitor.shutdown <ProcessMonitor(ProcessMonitor-1, stopped daemon 140287306041088)>
[roslaunch][INFO] 2019-04-02 21:25:05,847: ... shutting down processing monitor complete
[roslaunch][INFO] 2019-04-02 21:25:05,847: done
[roslaunch.pmon][INFO] 2019-04-02 21:25:05,847: ProcessMonitor.shutdown <ProcessMonitor(ProcessMonitor-1, stopped daemon 140287306041088)>
[rospy.core][INFO] 2019-04-02 21:25:05,847: signal_shutdown [atexit]
