[rosmaster.main][INFO] 2019-04-02 21:27:00,529: initialization complete, waiting for shutdown
[rosmaster.main][INFO] 2019-04-02 21:27:00,529: Starting ROS Master Node
[xmlrpc][INFO] 2019-04-02 21:27:00,530: XML-RPC server binding to 0.0.0.0:11311
[xmlrpc][INFO] 2019-04-02 21:27:00,530: Started XML-RPC server [http://9fe54ba3caf9:11311/]
[xmlrpc][INFO] 2019-04-02 21:27:00,530: xml rpc node: starting XML-RPC server
[rosmaster.master][INFO] 2019-04-02 21:27:00,530: Master initialized: port[11311], uri[http://9fe54ba3caf9:11311/]
[rosmaster.master][INFO] 2019-04-02 21:27:00,543: +PARAM [/run_id] by /roslaunch
[rosmaster.master][INFO] 2019-04-02 21:27:00,544: +PARAM [/roslaunch/uris/host_9fe54ba3caf9__40545] by /roslaunch
[rosmaster.master][INFO] 2019-04-02 21:27:00,796: +PARAM [/rosversion] by /roslaunch
[rosmaster.master][INFO] 2019-04-02 21:27:00,796: +PARAM [/rosdistro] by /roslaunch
[rosmaster.master][INFO] 2019-04-02 21:27:00,801: +SERVICE [/rosout/get_loggers] /rosout http://9fe54ba3caf9:34401/
[rosmaster.master][INFO] 2019-04-02 21:27:00,801: +SERVICE [/rosout/set_logger_level] /rosout http://9fe54ba3caf9:34401/
[rosmaster.master][INFO] 2019-04-02 21:27:00,803: +PUB [/rosout_agg] /rosout http://9fe54ba3caf9:34401/
[rosmaster.master][INFO] 2019-04-02 21:27:00,806: +SUB [/rosout] /rosout http://9fe54ba3caf9:34401/
[rosmaster.master][INFO] 2019-04-02 21:44:16,839: +PUB [/rosout] /depthtest http://9fe54ba3caf9:44961/
[rosmaster.master][INFO] 2019-04-02 21:44:16,854: +SERVICE [/depthtest/get_loggers] /depthtest http://9fe54ba3caf9:44961/
[rosmaster.master][INFO] 2019-04-02 21:44:16,856: +SERVICE [/depthtest/set_logger_level] /depthtest http://9fe54ba3caf9:44961/
[rosmaster.master][INFO] 2019-04-02 21:44:16,860: +SUB [/camera/depth/image_raw] /depthtest http://9fe54ba3caf9:44961/
[rosmaster.master][INFO] 2019-04-02 21:44:16,895: publisherUpdate[/rosout] -> http://9fe54ba3caf9:34401/
[rosmaster.master][INFO] 2019-04-02 21:44:27,139: -SUB [/camera/depth/image_raw] /depthtest http://9fe54ba3caf9:44961/
[rosmaster.master][INFO] 2019-04-02 21:44:27,139: -PUB [/rosout] /depthtest http://9fe54ba3caf9:44961/
[rosmaster.master][INFO] 2019-04-02 21:44:27,139: -SERVICE [/depthtest/get_loggers] /depthtest rosrpc://9fe54ba3caf9:38533
[rosmaster.master][INFO] 2019-04-02 21:44:27,140: -SERVICE [/depthtest/set_logger_level] /depthtest rosrpc://9fe54ba3caf9:38533
[rosmaster.master][INFO] 2019-04-02 21:44:27,211: publisherUpdate[/rosout] -> http://9fe54ba3caf9:34401/
[rosmaster.master][INFO] 2019-04-02 21:44:59,227: +PUB [/rosout] /depthtest http://9fe54ba3caf9:36719/
[rosmaster.master][INFO] 2019-04-02 21:44:59,231: +SERVICE [/depthtest/get_loggers] /depthtest http://9fe54ba3caf9:36719/
[rosmaster.master][INFO] 2019-04-02 21:44:59,233: +SERVICE [/depthtest/set_logger_level] /depthtest http://9fe54ba3caf9:36719/
[rosmaster.master][INFO] 2019-04-02 21:44:59,237: +SUB [/camera/depth/image_raw] /depthtest http://9fe54ba3caf9:36719/
[rosmaster.master][INFO] 2019-04-02 21:44:59,257: publisherUpdate[/rosout] -> http://9fe54ba3caf9:34401/
[rosmaster.master][INFO] 2019-04-02 21:46:03,721: +PUB [/rosout] /play_1554241563719452921 http://9fe54ba3caf9:45133/
[rosmaster.master][INFO] 2019-04-02 21:46:03,723: +SERVICE [/play_1554241563719452921/get_loggers] /play_1554241563719452921 http://9fe54ba3caf9:45133/
[rosmaster.master][INFO] 2019-04-02 21:46:03,724: +SERVICE [/play_1554241563719452921/set_logger_level] /play_1554241563719452921 http://9fe54ba3caf9:45133/
[rosmaster.master][INFO] 2019-04-02 21:46:03,725: +PUB [/clock] /play_1554241563719452921 http://9fe54ba3caf9:45133/
[rosmaster.master][INFO] 2019-04-02 21:46:03,753: publisherUpdate[/rosout] -> http://9fe54ba3caf9:34401/
[rosmaster.master][INFO] 2019-04-02 21:46:08,471: +PUB [/camera/depth/image_raw] /play_1554241563719452921 http://9fe54ba3caf9:45133/
[rosmaster.master][INFO] 2019-04-02 21:46:08,472: +PUB [/camera/rgb/image_raw] /play_1554241563719452921 http://9fe54ba3caf9:45133/
[rosmaster.master][INFO] 2019-04-02 21:46:08,473: +PUB [/camera/rgb/image_mono] /play_1554241563719452921 http://9fe54ba3caf9:45133/
[rosmaster.master][INFO] 2019-04-02 21:46:08,474: +PUB [/camera/rgb/image_color] /play_1554241563719452921 http://9fe54ba3caf9:45133/
[rosmaster.master][INFO] 2019-04-02 21:46:08,475: +PUB [/camera/depth/disparity] /play_1554241563719452921 http://9fe54ba3caf9:45133/
[rosmaster.master][INFO] 2019-04-02 21:46:08,475: publisherUpdate[/camera/depth/image_raw] -> http://9fe54ba3caf9:36719/
[rosmaster.master][INFO] 2019-04-02 21:46:08,477: +PUB [/camera/depth/image_rect_raw] /play_1554241563719452921 http://9fe54ba3caf9:45133/
[rosmaster.master][INFO] 2019-04-02 21:46:08,478: +PUB [/camera/depth/image_rect] /play_1554241563719452921 http://9fe54ba3caf9:45133/
[rosmaster.master][INFO] 2019-04-02 21:46:08,479: +PUB [/camera/depth/points] /play_1554241563719452921 http://9fe54ba3caf9:45133/
[rosmaster.master][INFO] 2019-04-02 21:46:13,231: -PUB [/rosout] /play_1554241563719452921 http://9fe54ba3caf9:45133/
[rosmaster.master][INFO] 2019-04-02 21:46:13,231: -PUB [/clock] /play_1554241563719452921 http://9fe54ba3caf9:45133/
[rosmaster.master][INFO] 2019-04-02 21:46:13,232: -PUB [/camera/depth/image_raw] /play_1554241563719452921 http://9fe54ba3caf9:45133/
[rosmaster.master][INFO] 2019-04-02 21:46:13,235: -PUB [/camera/rgb/image_raw] /play_1554241563719452921 http://9fe54ba3caf9:45133/
[rosmaster.master][INFO] 2019-04-02 21:46:13,235: -PUB [/camera/rgb/image_mono] /play_1554241563719452921 http://9fe54ba3caf9:45133/
[rosmaster.master][INFO] 2019-04-02 21:46:13,236: -PUB [/camera/rgb/image_color] /play_1554241563719452921 http://9fe54ba3caf9:45133/
[rosmaster.master][INFO] 2019-04-02 21:46:13,237: -PUB [/camera/depth/disparity] /play_1554241563719452921 http://9fe54ba3caf9:45133/
[rosmaster.master][INFO] 2019-04-02 21:46:13,237: -PUB [/camera/depth/image_rect_raw] /play_1554241563719452921 http://9fe54ba3caf9:45133/
[rosmaster.master][INFO] 2019-04-02 21:46:13,238: -PUB [/camera/depth/image_rect] /play_1554241563719452921 http://9fe54ba3caf9:45133/
[rosmaster.master][INFO] 2019-04-02 21:46:13,239: -PUB [/camera/depth/points] /play_1554241563719452921 http://9fe54ba3caf9:45133/
[rosmaster.master][INFO] 2019-04-02 21:46:13,240: -SERVICE [/play_1554241563719452921/get_loggers] /play_1554241563719452921 rosrpc://9fe54ba3caf9:54369
[rosmaster.master][INFO] 2019-04-02 21:46:13,241: -SERVICE [/play_1554241563719452921/set_logger_level] /play_1554241563719452921 rosrpc://9fe54ba3caf9:54369
[rosmaster.master][INFO] 2019-04-02 21:46:13,266: publisherUpdate[/rosout] -> http://9fe54ba3caf9:34401/
[rosmaster.master][INFO] 2019-04-02 21:46:13,267: publisherUpdate[/camera/depth/image_raw] -> http://9fe54ba3caf9:36719/
[rosmaster.master][INFO] 2019-04-02 21:48:22,902: +PUB [/rosout] /play_1554241702899875567 http://9fe54ba3caf9:37963/
[rosmaster.master][INFO] 2019-04-02 21:48:22,903: +SERVICE [/play_1554241702899875567/get_loggers] /play_1554241702899875567 http://9fe54ba3caf9:37963/
[rosmaster.master][INFO] 2019-04-02 21:48:22,904: +SERVICE [/play_1554241702899875567/set_logger_level] /play_1554241702899875567 http://9fe54ba3caf9:37963/
[rosmaster.master][INFO] 2019-04-02 21:48:22,905: +PUB [/clock] /play_1554241702899875567 http://9fe54ba3caf9:37963/
[rosmaster.master][INFO] 2019-04-02 21:48:22,965: publisherUpdate[/rosout] -> http://9fe54ba3caf9:34401/
[rosmaster.master][INFO] 2019-04-02 21:48:35,680: +PUB [/camera/rgb/image_raw] /play_1554241702899875567 http://9fe54ba3caf9:37963/
[rosmaster.master][INFO] 2019-04-02 21:48:35,681: +PUB [/camera/rgb/image_mono] /play_1554241702899875567 http://9fe54ba3caf9:37963/
[rosmaster.master][INFO] 2019-04-02 21:48:35,682: +PUB [/camera/rgb/image_color] /play_1554241702899875567 http://9fe54ba3caf9:37963/
[rosmaster.master][INFO] 2019-04-02 21:48:35,683: +PUB [/camera/depth/image_raw] /play_1554241702899875567 http://9fe54ba3caf9:37963/
[rosmaster.master][INFO] 2019-04-02 21:48:35,684: publisherUpdate[/camera/depth/image_raw] -> http://9fe54ba3caf9:36719/
[rosmaster.master][INFO] 2019-04-02 21:48:35,685: +PUB [/camera/depth/image_rect_raw] /play_1554241702899875567 http://9fe54ba3caf9:37963/
[rosmaster.master][INFO] 2019-04-02 21:48:35,686: +PUB [/camera/depth/disparity] /play_1554241702899875567 http://9fe54ba3caf9:37963/
[rosmaster.master][INFO] 2019-04-02 21:48:35,688: +PUB [/camera/depth/image_rect] /play_1554241702899875567 http://9fe54ba3caf9:37963/
[rosmaster.master][INFO] 2019-04-02 21:48:35,688: +PUB [/camera/depth/points] /play_1554241702899875567 http://9fe54ba3caf9:37963/
[rosmaster.master][INFO] 2019-04-02 21:48:49,447: -PUB [/rosout] /play_1554241702899875567 http://9fe54ba3caf9:37963/
[rosmaster.master][INFO] 2019-04-02 21:48:49,448: -PUB [/clock] /play_1554241702899875567 http://9fe54ba3caf9:37963/
[rosmaster.master][INFO] 2019-04-02 21:48:49,448: -PUB [/camera/rgb/image_raw] /play_1554241702899875567 http://9fe54ba3caf9:37963/
[rosmaster.master][INFO] 2019-04-02 21:48:49,449: -PUB [/camera/rgb/image_mono] /play_1554241702899875567 http://9fe54ba3caf9:37963/
[rosmaster.master][INFO] 2019-04-02 21:48:49,449: -PUB [/camera/rgb/image_color] /play_1554241702899875567 http://9fe54ba3caf9:37963/
[rosmaster.master][INFO] 2019-04-02 21:48:49,450: -PUB [/camera/depth/image_raw] /play_1554241702899875567 http://9fe54ba3caf9:37963/
[rosmaster.master][INFO] 2019-04-02 21:48:49,451: -PUB [/camera/depth/image_rect_raw] /play_1554241702899875567 http://9fe54ba3caf9:37963/
[rosmaster.master][INFO] 2019-04-02 21:48:49,451: -PUB [/camera/depth/disparity] /play_1554241702899875567 http://9fe54ba3caf9:37963/
[rosmaster.master][INFO] 2019-04-02 21:48:49,452: -PUB [/camera/depth/image_rect] /play_1554241702899875567 http://9fe54ba3caf9:37963/
[rosmaster.master][INFO] 2019-04-02 21:48:49,452: -PUB [/camera/depth/points] /play_1554241702899875567 http://9fe54ba3caf9:37963/
[rosmaster.master][INFO] 2019-04-02 21:48:49,457: -SERVICE [/play_1554241702899875567/get_loggers] /play_1554241702899875567 rosrpc://9fe54ba3caf9:43995
[rosmaster.master][INFO] 2019-04-02 21:48:49,457: -SERVICE [/play_1554241702899875567/set_logger_level] /play_1554241702899875567 rosrpc://9fe54ba3caf9:43995
[rosmaster.master][INFO] 2019-04-02 21:48:49,504: publisherUpdate[/rosout] -> http://9fe54ba3caf9:34401/
[rosmaster.master][INFO] 2019-04-02 21:48:49,505: publisherUpdate[/camera/depth/image_raw] -> http://9fe54ba3caf9:36719/
[rosmaster.master][INFO] 2019-04-02 21:49:29,122: -SUB [/camera/depth/image_raw] /depthtest http://9fe54ba3caf9:36719/
[rosmaster.master][INFO] 2019-04-02 21:49:29,122: -PUB [/rosout] /depthtest http://9fe54ba3caf9:36719/
[rosmaster.master][INFO] 2019-04-02 21:49:29,122: -SERVICE [/depthtest/get_loggers] /depthtest rosrpc://9fe54ba3caf9:45671
[rosmaster.master][INFO] 2019-04-02 21:49:29,123: -SERVICE [/depthtest/set_logger_level] /depthtest rosrpc://9fe54ba3caf9:45671
[rosmaster.master][INFO] 2019-04-02 21:49:29,163: publisherUpdate[/rosout] -> http://9fe54ba3caf9:34401/
[rosmaster.master][INFO] 2019-04-02 21:49:31,047: +PUB [/rosout] /depthtest http://9fe54ba3caf9:33063/
[rosmaster.master][INFO] 2019-04-02 21:49:31,052: +SERVICE [/depthtest/get_loggers] /depthtest http://9fe54ba3caf9:33063/
[rosmaster.master][INFO] 2019-04-02 21:49:31,053: +SERVICE [/depthtest/set_logger_level] /depthtest http://9fe54ba3caf9:33063/
[rosmaster.master][INFO] 2019-04-02 21:49:31,056: +SUB [/camera/depth/image_raw] /depthtest http://9fe54ba3caf9:33063/
[rosmaster.master][INFO] 2019-04-02 21:49:31,067: publisherUpdate[/rosout] -> http://9fe54ba3caf9:34401/
[rosmaster.master][INFO] 2019-04-02 21:49:33,958: +PUB [/rosout] /play_1554241773955301575 http://9fe54ba3caf9:33217/
[rosmaster.master][INFO] 2019-04-02 21:49:33,959: +SERVICE [/play_1554241773955301575/get_loggers] /play_1554241773955301575 http://9fe54ba3caf9:33217/
[rosmaster.master][INFO] 2019-04-02 21:49:33,960: +SERVICE [/play_1554241773955301575/set_logger_level] /play_1554241773955301575 http://9fe54ba3caf9:33217/
[rosmaster.master][INFO] 2019-04-02 21:49:33,961: +PUB [/clock] /play_1554241773955301575 http://9fe54ba3caf9:33217/
[rosmaster.master][INFO] 2019-04-02 21:49:33,973: publisherUpdate[/rosout] -> http://9fe54ba3caf9:34401/
[rosmaster.master][INFO] 2019-04-02 21:49:33,985: +PUB [/camera/rgb/image_raw] /play_1554241773955301575 http://9fe54ba3caf9:33217/
[rosmaster.master][INFO] 2019-04-02 21:49:33,986: +PUB [/camera/rgb/image_mono] /play_1554241773955301575 http://9fe54ba3caf9:33217/
[rosmaster.master][INFO] 2019-04-02 21:49:33,987: +PUB [/camera/rgb/image_color] /play_1554241773955301575 http://9fe54ba3caf9:33217/
[rosmaster.master][INFO] 2019-04-02 21:49:33,988: +PUB [/camera/depth/image_raw] /play_1554241773955301575 http://9fe54ba3caf9:33217/
[rosmaster.master][INFO] 2019-04-02 21:49:33,989: +PUB [/camera/depth/image_rect_raw] /play_1554241773955301575 http://9fe54ba3caf9:33217/
[rosmaster.master][INFO] 2019-04-02 21:49:33,989: +PUB [/camera/depth/disparity] /play_1554241773955301575 http://9fe54ba3caf9:33217/
[rosmaster.master][INFO] 2019-04-02 21:49:33,990: +PUB [/camera/depth/image_rect] /play_1554241773955301575 http://9fe54ba3caf9:33217/
[rosmaster.master][INFO] 2019-04-02 21:49:33,991: +PUB [/camera/depth/points] /play_1554241773955301575 http://9fe54ba3caf9:33217/
[rosmaster.master][INFO] 2019-04-02 21:49:34,074: publisherUpdate[/camera/depth/image_raw] -> http://9fe54ba3caf9:33063/
[rosmaster.master][INFO] 2019-04-02 21:49:47,791: -PUB [/rosout] /play_1554241773955301575 http://9fe54ba3caf9:33217/
[rosmaster.master][INFO] 2019-04-02 21:49:47,792: -PUB [/clock] /play_1554241773955301575 http://9fe54ba3caf9:33217/
[rosmaster.master][INFO] 2019-04-02 21:49:47,793: -PUB [/camera/rgb/image_raw] /play_1554241773955301575 http://9fe54ba3caf9:33217/
[rosmaster.master][INFO] 2019-04-02 21:49:47,793: -PUB [/camera/rgb/image_mono] /play_1554241773955301575 http://9fe54ba3caf9:33217/
[rosmaster.master][INFO] 2019-04-02 21:49:47,794: publisherUpdate[/rosout] -> http://9fe54ba3caf9:34401/
[rosmaster.master][INFO] 2019-04-02 21:49:47,794: -PUB [/camera/rgb/image_color] /play_1554241773955301575 http://9fe54ba3caf9:33217/
[rosmaster.master][INFO] 2019-04-02 21:49:47,795: -PUB [/camera/depth/image_raw] /play_1554241773955301575 http://9fe54ba3caf9:33217/
[rosmaster.master][INFO] 2019-04-02 21:49:47,796: -PUB [/camera/depth/image_rect_raw] /play_1554241773955301575 http://9fe54ba3caf9:33217/
[rosmaster.master][INFO] 2019-04-02 21:49:47,796: -PUB [/camera/depth/disparity] /play_1554241773955301575 http://9fe54ba3caf9:33217/
[rosmaster.master][INFO] 2019-04-02 21:49:47,796: publisherUpdate[/camera/depth/image_raw] -> http://9fe54ba3caf9:33063/
[rosmaster.master][INFO] 2019-04-02 21:49:47,797: -PUB [/camera/depth/image_rect] /play_1554241773955301575 http://9fe54ba3caf9:33217/
[rosmaster.master][INFO] 2019-04-02 21:49:47,798: -PUB [/camera/depth/points] /play_1554241773955301575 http://9fe54ba3caf9:33217/
[rosmaster.master][INFO] 2019-04-02 21:49:47,798: -SERVICE [/play_1554241773955301575/get_loggers] /play_1554241773955301575 rosrpc://9fe54ba3caf9:55305
[rosmaster.master][INFO] 2019-04-02 21:49:47,799: -SERVICE [/play_1554241773955301575/set_logger_level] /play_1554241773955301575 rosrpc://9fe54ba3caf9:55305
[rosmaster.master][INFO] 2019-04-02 21:49:56,073: -SUB [/camera/depth/image_raw] /depthtest http://9fe54ba3caf9:33063/
[rosmaster.master][INFO] 2019-04-02 21:49:56,074: -PUB [/rosout] /depthtest http://9fe54ba3caf9:33063/
[rosmaster.master][INFO] 2019-04-02 21:49:56,074: -SERVICE [/depthtest/get_loggers] /depthtest rosrpc://9fe54ba3caf9:46317
[rosmaster.master][INFO] 2019-04-02 21:49:56,074: -SERVICE [/depthtest/set_logger_level] /depthtest rosrpc://9fe54ba3caf9:46317
[rosmaster.master][INFO] 2019-04-02 21:49:56,106: publisherUpdate[/rosout] -> http://9fe54ba3caf9:34401/
[rosmaster.master][INFO] 2019-04-02 21:50:40,341: +PUB [/rosout] /depthtest http://9fe54ba3caf9:45453/
[rosmaster.master][INFO] 2019-04-02 21:50:40,344: +SERVICE [/depthtest/get_loggers] /depthtest http://9fe54ba3caf9:45453/
[rosmaster.master][INFO] 2019-04-02 21:50:40,345: +SERVICE [/depthtest/set_logger_level] /depthtest http://9fe54ba3caf9:45453/
[rosmaster.master][INFO] 2019-04-02 21:50:40,348: +SUB [/camera/depth/image_raw] /depthtest http://9fe54ba3caf9:45453/
[rosmaster.master][INFO] 2019-04-02 21:50:40,369: publisherUpdate[/rosout] -> http://9fe54ba3caf9:34401/
[rosmaster.master][INFO] 2019-04-02 21:50:53,150: +PUB [/rosout] /play_1554241853147496444 http://9fe54ba3caf9:45401/
[rosmaster.master][INFO] 2019-04-02 21:50:53,151: +SERVICE [/play_1554241853147496444/get_loggers] /play_1554241853147496444 http://9fe54ba3caf9:45401/
[rosmaster.master][INFO] 2019-04-02 21:50:53,151: +SERVICE [/play_1554241853147496444/set_logger_level] /play_1554241853147496444 http://9fe54ba3caf9:45401/
[rosmaster.master][INFO] 2019-04-02 21:50:53,153: +PUB [/clock] /play_1554241853147496444 http://9fe54ba3caf9:45401/
[rosmaster.master][INFO] 2019-04-02 21:50:53,189: publisherUpdate[/rosout] -> http://9fe54ba3caf9:34401/
[rosmaster.master][INFO] 2019-04-02 21:51:13,029: +PUB [/camera/depth/image_raw] /play_1554241853147496444 http://9fe54ba3caf9:45401/
[rosmaster.master][INFO] 2019-04-02 21:51:13,030: +PUB [/camera/rgb/image_raw] /play_1554241853147496444 http://9fe54ba3caf9:45401/
[rosmaster.master][INFO] 2019-04-02 21:51:13,030: +PUB [/camera/rgb/image_mono] /play_1554241853147496444 http://9fe54ba3caf9:45401/
[rosmaster.master][INFO] 2019-04-02 21:51:13,031: +PUB [/camera/rgb/image_color] /play_1554241853147496444 http://9fe54ba3caf9:45401/
[rosmaster.master][INFO] 2019-04-02 21:51:13,032: +PUB [/camera/depth/image_rect_raw] /play_1554241853147496444 http://9fe54ba3caf9:45401/
[rosmaster.master][INFO] 2019-04-02 21:51:13,033: +PUB [/camera/depth/image_rect] /play_1554241853147496444 http://9fe54ba3caf9:45401/
[rosmaster.master][INFO] 2019-04-02 21:51:13,033: publisherUpdate[/camera/depth/image_raw] -> http://9fe54ba3caf9:45453/
[rosmaster.master][INFO] 2019-04-02 21:51:13,035: +PUB [/camera/depth/disparity] /play_1554241853147496444 http://9fe54ba3caf9:45401/
[rosmaster.master][INFO] 2019-04-02 21:51:13,036: +PUB [/camera/depth/points] /play_1554241853147496444 http://9fe54ba3caf9:45401/
[rosmaster.master][INFO] 2019-04-02 21:51:23,190: -PUB [/rosout] /play_1554241853147496444 http://9fe54ba3caf9:45401/
[rosmaster.master][INFO] 2019-04-02 21:51:23,191: -PUB [/clock] /play_1554241853147496444 http://9fe54ba3caf9:45401/
[rosmaster.master][INFO] 2019-04-02 21:51:23,192: -PUB [/camera/depth/image_raw] /play_1554241853147496444 http://9fe54ba3caf9:45401/
[rosmaster.master][INFO] 2019-04-02 21:51:23,193: -PUB [/camera/rgb/image_raw] /play_1554241853147496444 http://9fe54ba3caf9:45401/
[rosmaster.master][INFO] 2019-04-02 21:51:23,194: -PUB [/camera/rgb/image_mono] /play_1554241853147496444 http://9fe54ba3caf9:45401/
[rosmaster.master][INFO] 2019-04-02 21:51:23,194: -PUB [/camera/rgb/image_color] /play_1554241853147496444 http://9fe54ba3caf9:45401/
[rosmaster.master][INFO] 2019-04-02 21:51:23,195: -PUB [/camera/depth/image_rect_raw] /play_1554241853147496444 http://9fe54ba3caf9:45401/
[rosmaster.master][INFO] 2019-04-02 21:51:23,196: -PUB [/camera/depth/image_rect] /play_1554241853147496444 http://9fe54ba3caf9:45401/
[rosmaster.master][INFO] 2019-04-02 21:51:23,196: -PUB [/camera/depth/disparity] /play_1554241853147496444 http://9fe54ba3caf9:45401/
[rosmaster.master][INFO] 2019-04-02 21:51:23,197: -PUB [/camera/depth/points] /play_1554241853147496444 http://9fe54ba3caf9:45401/
[rosmaster.master][INFO] 2019-04-02 21:51:23,198: -SERVICE [/play_1554241853147496444/get_loggers] /play_1554241853147496444 rosrpc://9fe54ba3caf9:60087
[rosmaster.master][INFO] 2019-04-02 21:51:23,199: -SERVICE [/play_1554241853147496444/set_logger_level] /play_1554241853147496444 rosrpc://9fe54ba3caf9:60087
[rosmaster.master][INFO] 2019-04-02 21:51:23,232: publisherUpdate[/rosout] -> http://9fe54ba3caf9:34401/
[rosmaster.master][INFO] 2019-04-02 21:51:23,233: publisherUpdate[/camera/depth/image_raw] -> http://9fe54ba3caf9:45453/
[rosmaster.master][INFO] 2019-04-02 21:52:42,457: -SUB [/camera/depth/image_raw] /depthtest http://9fe54ba3caf9:45453/
[rosmaster.master][INFO] 2019-04-02 21:52:42,457: -PUB [/rosout] /depthtest http://9fe54ba3caf9:45453/
[rosmaster.master][INFO] 2019-04-02 21:52:42,457: -SERVICE [/depthtest/get_loggers] /depthtest rosrpc://9fe54ba3caf9:35959
[rosmaster.master][INFO] 2019-04-02 21:52:42,457: -SERVICE [/depthtest/set_logger_level] /depthtest rosrpc://9fe54ba3caf9:35959
[rosmaster.master][INFO] 2019-04-02 21:52:42,458: publisherUpdate[/rosout] -> http://9fe54ba3caf9:34401/
[rosmaster.master][INFO] 2019-04-02 21:54:05,662: +PUB [/rosout] /depthtest http://9fe54ba3caf9:41057/
[rosmaster.master][INFO] 2019-04-02 21:54:05,664: +SERVICE [/depthtest/get_loggers] /depthtest http://9fe54ba3caf9:41057/
[rosmaster.master][INFO] 2019-04-02 21:54:05,665: +SERVICE [/depthtest/set_logger_level] /depthtest http://9fe54ba3caf9:41057/
[rosmaster.master][INFO] 2019-04-02 21:54:05,667: +SUB [/camera/depth/image_raw] /depthtest http://9fe54ba3caf9:41057/
[rosmaster.master][INFO] 2019-04-02 21:54:05,681: publisherUpdate[/rosout] -> http://9fe54ba3caf9:34401/
[rosmaster.master][INFO] 2019-04-02 21:54:18,955: +PUB [/rosout] /play_1554242058952133407 http://9fe54ba3caf9:41743/
[rosmaster.master][INFO] 2019-04-02 21:54:18,956: +SERVICE [/play_1554242058952133407/get_loggers] /play_1554242058952133407 http://9fe54ba3caf9:41743/
[rosmaster.master][INFO] 2019-04-02 21:54:18,957: +SERVICE [/play_1554242058952133407/set_logger_level] /play_1554242058952133407 http://9fe54ba3caf9:41743/
[rosmaster.master][INFO] 2019-04-02 21:54:18,958: +PUB [/clock] /play_1554242058952133407 http://9fe54ba3caf9:41743/
[rosmaster.master][INFO] 2019-04-02 21:54:19,002: publisherUpdate[/rosout] -> http://9fe54ba3caf9:34401/
[rosmaster.master][INFO] 2019-04-02 21:54:23,574: +PUB [/camera/rgb/image_color] /play_1554242058952133407 http://9fe54ba3caf9:41743/
[rosmaster.master][INFO] 2019-04-02 21:54:23,575: +PUB [/camera/depth/image_raw] /play_1554242058952133407 http://9fe54ba3caf9:41743/
[rosmaster.master][INFO] 2019-04-02 21:54:23,576: +PUB [/camera/rgb/image_raw] /play_1554242058952133407 http://9fe54ba3caf9:41743/
[rosmaster.master][INFO] 2019-04-02 21:54:23,577: +PUB [/camera/rgb/image_mono] /play_1554242058952133407 http://9fe54ba3caf9:41743/
[rosmaster.master][INFO] 2019-04-02 21:54:23,579: +PUB [/camera/depth/image_rect_raw] /play_1554242058952133407 http://9fe54ba3caf9:41743/
[rosmaster.master][INFO] 2019-04-02 21:54:23,580: +PUB [/camera/depth/image_rect] /play_1554242058952133407 http://9fe54ba3caf9:41743/
[rosmaster.master][INFO] 2019-04-02 21:54:23,581: +PUB [/camera/depth/disparity] /play_1554242058952133407 http://9fe54ba3caf9:41743/
[rosmaster.master][INFO] 2019-04-02 21:54:23,582: +PUB [/camera/depth/points] /play_1554242058952133407 http://9fe54ba3caf9:41743/
[rosmaster.master][INFO] 2019-04-02 21:54:23,610: publisherUpdate[/camera/depth/image_raw] -> http://9fe54ba3caf9:41057/
[rosmaster.master][INFO] 2019-04-02 21:54:28,651: -PUB [/rosout] /play_1554242058952133407 http://9fe54ba3caf9:41743/
[rosmaster.master][INFO] 2019-04-02 21:54:28,652: -PUB [/clock] /play_1554242058952133407 http://9fe54ba3caf9:41743/
[rosmaster.master][INFO] 2019-04-02 21:54:28,652: -PUB [/camera/rgb/image_color] /play_1554242058952133407 http://9fe54ba3caf9:41743/
[rosmaster.master][INFO] 2019-04-02 21:54:28,653: -PUB [/camera/depth/image_raw] /play_1554242058952133407 http://9fe54ba3caf9:41743/
[rosmaster.master][INFO] 2019-04-02 21:54:28,654: -PUB [/camera/rgb/image_raw] /play_1554242058952133407 http://9fe54ba3caf9:41743/
[rosmaster.master][INFO] 2019-04-02 21:54:28,654: -PUB [/camera/rgb/image_mono] /play_1554242058952133407 http://9fe54ba3caf9:41743/
[rosmaster.master][INFO] 2019-04-02 21:54:28,655: -PUB [/camera/depth/image_rect_raw] /play_1554242058952133407 http://9fe54ba3caf9:41743/
[rosmaster.master][INFO] 2019-04-02 21:54:28,655: -PUB [/camera/depth/image_rect] /play_1554242058952133407 http://9fe54ba3caf9:41743/
[rosmaster.master][INFO] 2019-04-02 21:54:28,656: -PUB [/camera/depth/disparity] /play_1554242058952133407 http://9fe54ba3caf9:41743/
[rosmaster.master][INFO] 2019-04-02 21:54:28,656: -PUB [/camera/depth/points] /play_1554242058952133407 http://9fe54ba3caf9:41743/
[rosmaster.master][INFO] 2019-04-02 21:54:28,658: -SERVICE [/play_1554242058952133407/get_loggers] /play_1554242058952133407 rosrpc://9fe54ba3caf9:36269
[rosmaster.master][INFO] 2019-04-02 21:54:28,658: -SERVICE [/play_1554242058952133407/set_logger_level] /play_1554242058952133407 rosrpc://9fe54ba3caf9:36269
[rosmaster.master][INFO] 2019-04-02 21:54:28,719: publisherUpdate[/rosout] -> http://9fe54ba3caf9:34401/
[rosmaster.master][INFO] 2019-04-02 21:54:28,719: publisherUpdate[/camera/depth/image_raw] -> http://9fe54ba3caf9:41057/
[rosmaster.master][INFO] 2019-04-02 21:54:30,720: -SUB [/camera/depth/image_raw] /depthtest http://9fe54ba3caf9:41057/
[rosmaster.master][INFO] 2019-04-02 21:54:30,720: -PUB [/rosout] /depthtest http://9fe54ba3caf9:41057/
[rosmaster.master][INFO] 2019-04-02 21:54:30,720: -SERVICE [/depthtest/get_loggers] /depthtest rosrpc://9fe54ba3caf9:37239
[rosmaster.master][INFO] 2019-04-02 21:54:30,720: -SERVICE [/depthtest/set_logger_level] /depthtest rosrpc://9fe54ba3caf9:37239
[rosmaster.master][INFO] 2019-04-02 21:54:30,723: publisherUpdate[/rosout] -> http://9fe54ba3caf9:34401/
[rosmaster.master][INFO] 2019-04-02 21:56:17,109: +PUB [/rosout] /depthtest http://9fe54ba3caf9:38999/
[rosmaster.master][INFO] 2019-04-02 21:56:17,113: +SERVICE [/depthtest/get_loggers] /depthtest http://9fe54ba3caf9:38999/
[rosmaster.master][INFO] 2019-04-02 21:56:17,114: +SERVICE [/depthtest/set_logger_level] /depthtest http://9fe54ba3caf9:38999/
[rosmaster.master][INFO] 2019-04-02 21:56:17,117: +SUB [/camera/depth/image_raw] /depthtest http://9fe54ba3caf9:38999/
[rosmaster.master][INFO] 2019-04-02 21:56:17,119: publisherUpdate[/rosout] -> http://9fe54ba3caf9:34401/
[rosmaster.master][INFO] 2019-04-02 21:56:19,466: +PUB [/rosout] /play_1554242179463433032 http://9fe54ba3caf9:35967/
[rosmaster.master][INFO] 2019-04-02 21:56:19,467: +SERVICE [/play_1554242179463433032/get_loggers] /play_1554242179463433032 http://9fe54ba3caf9:35967/
[rosmaster.master][INFO] 2019-04-02 21:56:19,468: +SERVICE [/play_1554242179463433032/set_logger_level] /play_1554242179463433032 http://9fe54ba3caf9:35967/
[rosmaster.master][INFO] 2019-04-02 21:56:19,469: +PUB [/clock] /play_1554242179463433032 http://9fe54ba3caf9:35967/
[rosmaster.master][INFO] 2019-04-02 21:56:19,482: publisherUpdate[/rosout] -> http://9fe54ba3caf9:34401/
[rosmaster.master][INFO] 2019-04-02 21:56:28,758: +PUB [/camera/rgb/image_raw] /play_1554242179463433032 http://9fe54ba3caf9:35967/
[rosmaster.master][INFO] 2019-04-02 21:56:28,760: +PUB [/camera/rgb/image_mono] /play_1554242179463433032 http://9fe54ba3caf9:35967/
[rosmaster.master][INFO] 2019-04-02 21:56:28,761: +PUB [/camera/rgb/image_color] /play_1554242179463433032 http://9fe54ba3caf9:35967/
[rosmaster.master][INFO] 2019-04-02 21:56:28,762: +PUB [/camera/depth/image_raw] /play_1554242179463433032 http://9fe54ba3caf9:35967/
[rosmaster.master][INFO] 2019-04-02 21:56:28,763: +PUB [/camera/depth/image_rect_raw] /play_1554242179463433032 http://9fe54ba3caf9:35967/
[rosmaster.master][INFO] 2019-04-02 21:56:28,765: +PUB [/camera/depth/disparity] /play_1554242179463433032 http://9fe54ba3caf9:35967/
[rosmaster.master][INFO] 2019-04-02 21:56:28,766: +PUB [/camera/depth/image_rect] /play_1554242179463433032 http://9fe54ba3caf9:35967/
[rosmaster.master][INFO] 2019-04-02 21:56:28,767: +PUB [/camera/depth/points] /play_1554242179463433032 http://9fe54ba3caf9:35967/
[rosmaster.master][INFO] 2019-04-02 21:56:28,796: publisherUpdate[/camera/depth/image_raw] -> http://9fe54ba3caf9:38999/
[rosmaster.master][INFO] 2019-04-02 21:56:41,054: -PUB [/rosout] /play_1554242179463433032 http://9fe54ba3caf9:35967/
[rosmaster.master][INFO] 2019-04-02 21:56:41,054: publisherUpdate[/rosout] -> http://9fe54ba3caf9:34401/
[rosmaster.master][INFO] 2019-04-02 21:56:41,056: -PUB [/clock] /play_1554242179463433032 http://9fe54ba3caf9:35967/
[rosmaster.master][INFO] 2019-04-02 21:56:41,056: -PUB [/camera/rgb/image_raw] /play_1554242179463433032 http://9fe54ba3caf9:35967/
[rosmaster.master][INFO] 2019-04-02 21:56:41,057: -PUB [/camera/rgb/image_mono] /play_1554242179463433032 http://9fe54ba3caf9:35967/
[rosmaster.master][INFO] 2019-04-02 21:56:41,058: -PUB [/camera/rgb/image_color] /play_1554242179463433032 http://9fe54ba3caf9:35967/
[rosmaster.master][INFO] 2019-04-02 21:56:41,059: -PUB [/camera/depth/image_raw] /play_1554242179463433032 http://9fe54ba3caf9:35967/
[rosmaster.master][INFO] 2019-04-02 21:56:41,059: -PUB [/camera/depth/image_rect_raw] /play_1554242179463433032 http://9fe54ba3caf9:35967/
[rosmaster.master][INFO] 2019-04-02 21:56:41,060: -PUB [/camera/depth/disparity] /play_1554242179463433032 http://9fe54ba3caf9:35967/
[rosmaster.master][INFO] 2019-04-02 21:56:41,061: -PUB [/camera/depth/image_rect] /play_1554242179463433032 http://9fe54ba3caf9:35967/
[rosmaster.master][INFO] 2019-04-02 21:56:41,061: -PUB [/camera/depth/points] /play_1554242179463433032 http://9fe54ba3caf9:35967/
[rosmaster.master][INFO] 2019-04-02 21:56:41,062: -SERVICE [/play_1554242179463433032/get_loggers] /play_1554242179463433032 rosrpc://9fe54ba3caf9:53553
[rosmaster.master][INFO] 2019-04-02 21:56:41,062: -SERVICE [/play_1554242179463433032/set_logger_level] /play_1554242179463433032 rosrpc://9fe54ba3caf9:53553
[rosmaster.master][INFO] 2019-04-02 21:56:41,115: publisherUpdate[/camera/depth/image_raw] -> http://9fe54ba3caf9:38999/
[rosmaster.master][INFO] 2019-04-02 21:57:08,280: -SUB [/camera/depth/image_raw] /depthtest http://9fe54ba3caf9:38999/
[rosmaster.master][INFO] 2019-04-02 21:57:08,280: -PUB [/rosout] /depthtest http://9fe54ba3caf9:38999/
[rosmaster.master][INFO] 2019-04-02 21:57:08,280: -SERVICE [/depthtest/get_loggers] /depthtest rosrpc://9fe54ba3caf9:46383
[rosmaster.master][INFO] 2019-04-02 21:57:08,280: -SERVICE [/depthtest/set_logger_level] /depthtest rosrpc://9fe54ba3caf9:46383
[rosmaster.master][INFO] 2019-04-02 21:57:08,289: publisherUpdate[/rosout] -> http://9fe54ba3caf9:34401/
[rosmaster.master][INFO] 2019-04-02 21:57:41,523: +PUB [/rosout] /depthtest http://9fe54ba3caf9:42821/
[rosmaster.master][INFO] 2019-04-02 21:57:41,525: +SERVICE [/depthtest/get_loggers] /depthtest http://9fe54ba3caf9:42821/
[rosmaster.master][INFO] 2019-04-02 21:57:41,526: +SERVICE [/depthtest/set_logger_level] /depthtest http://9fe54ba3caf9:42821/
[rosmaster.master][INFO] 2019-04-02 21:57:41,528: +SUB [/camera/depth/image_raw] /depthtest http://9fe54ba3caf9:42821/
[rosmaster.master][INFO] 2019-04-02 21:57:41,536: publisherUpdate[/rosout] -> http://9fe54ba3caf9:34401/
[rosmaster.master][INFO] 2019-04-02 21:57:41,653: +PUB [/rosout] /play_1554242261650876889 http://9fe54ba3caf9:40151/
[rosmaster.master][INFO] 2019-04-02 21:57:41,683: +SERVICE [/play_1554242261650876889/get_loggers] /play_1554242261650876889 http://9fe54ba3caf9:40151/
[rosmaster.master][INFO] 2019-04-02 21:57:41,684: +SERVICE [/play_1554242261650876889/set_logger_level] /play_1554242261650876889 http://9fe54ba3caf9:40151/
[rosmaster.master][INFO] 2019-04-02 21:57:41,685: +PUB [/clock] /play_1554242261650876889 http://9fe54ba3caf9:40151/
[rosmaster.master][INFO] 2019-04-02 21:57:41,701: publisherUpdate[/rosout] -> http://9fe54ba3caf9:34401/
[rosmaster.master][INFO] 2019-04-02 21:57:41,709: +PUB [/camera/rgb/image_raw] /play_1554242261650876889 http://9fe54ba3caf9:40151/
[rosmaster.master][INFO] 2019-04-02 21:57:41,710: +PUB [/camera/rgb/image_mono] /play_1554242261650876889 http://9fe54ba3caf9:40151/
[rosmaster.master][INFO] 2019-04-02 21:57:41,710: +PUB [/camera/rgb/image_color] /play_1554242261650876889 http://9fe54ba3caf9:40151/
[rosmaster.master][INFO] 2019-04-02 21:57:41,711: +PUB [/camera/depth/image_raw] /play_1554242261650876889 http://9fe54ba3caf9:40151/
[rosmaster.master][INFO] 2019-04-02 21:57:41,711: +PUB [/camera/depth/image_rect_raw] /play_1554242261650876889 http://9fe54ba3caf9:40151/
[rosmaster.master][INFO] 2019-04-02 21:57:41,712: +PUB [/camera/depth/disparity] /play_1554242261650876889 http://9fe54ba3caf9:40151/
[rosmaster.master][INFO] 2019-04-02 21:57:41,713: +PUB [/camera/depth/image_rect] /play_1554242261650876889 http://9fe54ba3caf9:40151/
[rosmaster.master][INFO] 2019-04-02 21:57:41,714: +PUB [/camera/depth/points] /play_1554242261650876889 http://9fe54ba3caf9:40151/
[rosmaster.master][INFO] 2019-04-02 21:57:41,736: publisherUpdate[/camera/depth/image_raw] -> http://9fe54ba3caf9:42821/
[rosmaster.master][INFO] 2019-04-02 21:57:52,516: -PUB [/rosout] /play_1554242261650876889 http://9fe54ba3caf9:40151/
[rosmaster.master][INFO] 2019-04-02 21:57:52,516: publisherUpdate[/rosout] -> http://9fe54ba3caf9:34401/
[rosmaster.master][INFO] 2019-04-02 21:57:52,517: -PUB [/clock] /play_1554242261650876889 http://9fe54ba3caf9:40151/
[rosmaster.master][INFO] 2019-04-02 21:57:52,518: -PUB [/camera/rgb/image_raw] /play_1554242261650876889 http://9fe54ba3caf9:40151/
[rosmaster.master][INFO] 2019-04-02 21:57:52,518: -PUB [/camera/rgb/image_mono] /play_1554242261650876889 http://9fe54ba3caf9:40151/
[rosmaster.master][INFO] 2019-04-02 21:57:52,519: -PUB [/camera/rgb/image_color] /play_1554242261650876889 http://9fe54ba3caf9:40151/
[rosmaster.master][INFO] 2019-04-02 21:57:52,520: -PUB [/camera/depth/image_raw] /play_1554242261650876889 http://9fe54ba3caf9:40151/
[rosmaster.master][INFO] 2019-04-02 21:57:52,520: -PUB [/camera/depth/image_rect_raw] /play_1554242261650876889 http://9fe54ba3caf9:40151/
[rosmaster.master][INFO] 2019-04-02 21:57:52,521: -PUB [/camera/depth/disparity] /play_1554242261650876889 http://9fe54ba3caf9:40151/
[rosmaster.master][INFO] 2019-04-02 21:57:52,521: -PUB [/camera/depth/image_rect] /play_1554242261650876889 http://9fe54ba3caf9:40151/
[rosmaster.master][INFO] 2019-04-02 21:57:52,522: -PUB [/camera/depth/points] /play_1554242261650876889 http://9fe54ba3caf9:40151/
[rosmaster.master][INFO] 2019-04-02 21:57:52,522: -SERVICE [/play_1554242261650876889/get_loggers] /play_1554242261650876889 rosrpc://9fe54ba3caf9:59637
[rosmaster.master][INFO] 2019-04-02 21:57:52,523: -SERVICE [/play_1554242261650876889/set_logger_level] /play_1554242261650876889 rosrpc://9fe54ba3caf9:59637
[rosmaster.master][INFO] 2019-04-02 21:57:52,550: publisherUpdate[/camera/depth/image_raw] -> http://9fe54ba3caf9:42821/
[rosmaster.master][INFO] 2019-04-02 21:58:35,486: -SUB [/camera/depth/image_raw] /depthtest http://9fe54ba3caf9:42821/
[rosmaster.master][INFO] 2019-04-02 21:58:35,487: -PUB [/rosout] /depthtest http://9fe54ba3caf9:42821/
[rosmaster.master][INFO] 2019-04-02 21:58:35,487: -SERVICE [/depthtest/get_loggers] /depthtest rosrpc://9fe54ba3caf9:42031
[rosmaster.master][INFO] 2019-04-02 21:58:35,487: -SERVICE [/depthtest/set_logger_level] /depthtest rosrpc://9fe54ba3caf9:42031
[rosmaster.master][INFO] 2019-04-02 21:58:35,516: publisherUpdate[/rosout] -> http://9fe54ba3caf9:34401/
[rosmaster.master][INFO] 2019-04-02 21:58:36,866: +PUB [/rosout] /depthtest http://9fe54ba3caf9:39803/
[rosmaster.master][INFO] 2019-04-02 21:58:36,869: +SERVICE [/depthtest/get_loggers] /depthtest http://9fe54ba3caf9:39803/
[rosmaster.master][INFO] 2019-04-02 21:58:36,871: +SERVICE [/depthtest/set_logger_level] /depthtest http://9fe54ba3caf9:39803/
[rosmaster.master][INFO] 2019-04-02 21:58:36,874: +SUB [/camera/depth/image_raw] /depthtest http://9fe54ba3caf9:39803/
[rosmaster.master][INFO] 2019-04-02 21:58:36,881: publisherUpdate[/rosout] -> http://9fe54ba3caf9:34401/
[rosmaster.master][INFO] 2019-04-02 21:58:46,051: +PUB [/rosout] /play_1554242326048615104 http://9fe54ba3caf9:40541/
[rosmaster.master][INFO] 2019-04-02 21:58:46,052: +SERVICE [/play_1554242326048615104/get_loggers] /play_1554242326048615104 http://9fe54ba3caf9:40541/
[rosmaster.master][INFO] 2019-04-02 21:58:46,053: +SERVICE [/play_1554242326048615104/set_logger_level] /play_1554242326048615104 http://9fe54ba3caf9:40541/
[rosmaster.master][INFO] 2019-04-02 21:58:46,054: +PUB [/clock] /play_1554242326048615104 http://9fe54ba3caf9:40541/
[rosmaster.master][INFO] 2019-04-02 21:58:46,095: publisherUpdate[/rosout] -> http://9fe54ba3caf9:34401/
[rosmaster.master][INFO] 2019-04-02 21:59:04,335: +PUB [/camera/depth/image_raw] /play_1554242326048615104 http://9fe54ba3caf9:40541/
[rosmaster.master][INFO] 2019-04-02 21:59:04,336: +PUB [/camera/rgb/image_raw] /play_1554242326048615104 http://9fe54ba3caf9:40541/
[rosmaster.master][INFO] 2019-04-02 21:59:04,337: +PUB [/camera/rgb/image_mono] /play_1554242326048615104 http://9fe54ba3caf9:40541/
[rosmaster.master][INFO] 2019-04-02 21:59:04,337: +PUB [/camera/rgb/image_color] /play_1554242326048615104 http://9fe54ba3caf9:40541/
[rosmaster.master][INFO] 2019-04-02 21:59:04,338: +PUB [/camera/depth/image_rect_raw] /play_1554242326048615104 http://9fe54ba3caf9:40541/
[rosmaster.master][INFO] 2019-04-02 21:59:04,339: +PUB [/camera/depth/disparity] /play_1554242326048615104 http://9fe54ba3caf9:40541/
[rosmaster.master][INFO] 2019-04-02 21:59:04,340: +PUB [/camera/depth/image_rect] /play_1554242326048615104 http://9fe54ba3caf9:40541/
[rosmaster.master][INFO] 2019-04-02 21:59:04,340: +PUB [/camera/depth/points] /play_1554242326048615104 http://9fe54ba3caf9:40541/
[rosmaster.master][INFO] 2019-04-02 21:59:04,363: publisherUpdate[/camera/depth/image_raw] -> http://9fe54ba3caf9:39803/
[rosmaster.master][INFO] 2019-04-02 21:59:11,196: -PUB [/rosout] /play_1554242326048615104 http://9fe54ba3caf9:40541/
[rosmaster.master][INFO] 2019-04-02 21:59:11,196: -PUB [/clock] /play_1554242326048615104 http://9fe54ba3caf9:40541/
[rosmaster.master][INFO] 2019-04-02 21:59:11,197: -PUB [/camera/depth/image_raw] /play_1554242326048615104 http://9fe54ba3caf9:40541/
[rosmaster.master][INFO] 2019-04-02 21:59:11,198: -PUB [/camera/rgb/image_raw] /play_1554242326048615104 http://9fe54ba3caf9:40541/
[rosmaster.master][INFO] 2019-04-02 21:59:11,199: -PUB [/camera/rgb/image_mono] /play_1554242326048615104 http://9fe54ba3caf9:40541/
[rosmaster.master][INFO] 2019-04-02 21:59:11,200: -PUB [/camera/rgb/image_color] /play_1554242326048615104 http://9fe54ba3caf9:40541/
[rosmaster.master][INFO] 2019-04-02 21:59:11,200: -PUB [/camera/depth/image_rect_raw] /play_1554242326048615104 http://9fe54ba3caf9:40541/
[rosmaster.master][INFO] 2019-04-02 21:59:11,201: -PUB [/camera/depth/disparity] /play_1554242326048615104 http://9fe54ba3caf9:40541/
[rosmaster.master][INFO] 2019-04-02 21:59:11,202: -PUB [/camera/depth/image_rect] /play_1554242326048615104 http://9fe54ba3caf9:40541/
[rosmaster.master][INFO] 2019-04-02 21:59:11,202: -PUB [/camera/depth/points] /play_1554242326048615104 http://9fe54ba3caf9:40541/
[rosmaster.master][INFO] 2019-04-02 21:59:11,203: -SERVICE [/play_1554242326048615104/get_loggers] /play_1554242326048615104 rosrpc://9fe54ba3caf9:54381
[rosmaster.master][INFO] 2019-04-02 21:59:11,204: -SERVICE [/play_1554242326048615104/set_logger_level] /play_1554242326048615104 rosrpc://9fe54ba3caf9:54381
[rosmaster.master][INFO] 2019-04-02 21:59:11,232: publisherUpdate[/rosout] -> http://9fe54ba3caf9:34401/
[rosmaster.master][INFO] 2019-04-02 21:59:11,232: publisherUpdate[/camera/depth/image_raw] -> http://9fe54ba3caf9:39803/
[rosmaster.master][INFO] 2019-04-02 21:59:15,990: -SUB [/camera/depth/image_raw] /depthtest http://9fe54ba3caf9:39803/
[rosmaster.master][INFO] 2019-04-02 21:59:15,991: -PUB [/rosout] /depthtest http://9fe54ba3caf9:39803/
[rosmaster.master][INFO] 2019-04-02 21:59:15,991: -SERVICE [/depthtest/get_loggers] /depthtest rosrpc://9fe54ba3caf9:42249
[rosmaster.master][INFO] 2019-04-02 21:59:15,991: -SERVICE [/depthtest/set_logger_level] /depthtest rosrpc://9fe54ba3caf9:42249
[rosmaster.master][INFO] 2019-04-02 21:59:16,040: publisherUpdate[/rosout] -> http://9fe54ba3caf9:34401/
[rosmaster.master][INFO] 2019-04-02 22:01:13,818: +PUB [/rosout] /depthtest http://9fe54ba3caf9:39067/
[rosmaster.master][INFO] 2019-04-02 22:01:13,822: +SERVICE [/depthtest/get_loggers] /depthtest http://9fe54ba3caf9:39067/
[rosmaster.master][INFO] 2019-04-02 22:01:13,823: +SERVICE [/depthtest/set_logger_level] /depthtest http://9fe54ba3caf9:39067/
[rosmaster.master][INFO] 2019-04-02 22:01:13,826: +SUB [/camera/depth/image_raw] /depthtest http://9fe54ba3caf9:39067/
[rosmaster.master][INFO] 2019-04-02 22:01:13,860: publisherUpdate[/rosout] -> http://9fe54ba3caf9:34401/
[rosmaster.master][INFO] 2019-04-02 22:01:24,050: +PUB [/rosout] /play_1554242484047464012 http://9fe54ba3caf9:34163/
[rosmaster.master][INFO] 2019-04-02 22:01:24,051: +SERVICE [/play_1554242484047464012/get_loggers] /play_1554242484047464012 http://9fe54ba3caf9:34163/
[rosmaster.master][INFO] 2019-04-02 22:01:24,051: +SERVICE [/play_1554242484047464012/set_logger_level] /play_1554242484047464012 http://9fe54ba3caf9:34163/
[rosmaster.master][INFO] 2019-04-02 22:01:24,053: +PUB [/clock] /play_1554242484047464012 http://9fe54ba3caf9:34163/
[rosmaster.master][INFO] 2019-04-02 22:01:24,062: +PUB [/camera/depth/image_raw] /play_1554242484047464012 http://9fe54ba3caf9:34163/
[rosmaster.master][INFO] 2019-04-02 22:01:24,062: +PUB [/camera/rgb/image_raw] /play_1554242484047464012 http://9fe54ba3caf9:34163/
[rosmaster.master][INFO] 2019-04-02 22:01:24,063: +PUB [/camera/rgb/image_mono] /play_1554242484047464012 http://9fe54ba3caf9:34163/
[rosmaster.master][INFO] 2019-04-02 22:01:24,064: +PUB [/camera/rgb/image_color] /play_1554242484047464012 http://9fe54ba3caf9:34163/
[rosmaster.master][INFO] 2019-04-02 22:01:24,065: +PUB [/camera/depth/image_rect_raw] /play_1554242484047464012 http://9fe54ba3caf9:34163/
[rosmaster.master][INFO] 2019-04-02 22:01:24,066: +PUB [/camera/depth/disparity] /play_1554242484047464012 http://9fe54ba3caf9:34163/
[rosmaster.master][INFO] 2019-04-02 22:01:24,067: +PUB [/camera/depth/image_rect] /play_1554242484047464012 http://9fe54ba3caf9:34163/
[rosmaster.master][INFO] 2019-04-02 22:01:24,067: +PUB [/camera/depth/points] /play_1554242484047464012 http://9fe54ba3caf9:34163/
[rosmaster.master][INFO] 2019-04-02 22:01:24,075: publisherUpdate[/rosout] -> http://9fe54ba3caf9:34401/
[rosmaster.master][INFO] 2019-04-02 22:01:24,076: publisherUpdate[/camera/depth/image_raw] -> http://9fe54ba3caf9:39067/
[rosmaster.master][INFO] 2019-04-02 22:01:30,185: -PUB [/rosout] /play_1554242484047464012 http://9fe54ba3caf9:34163/
[rosmaster.master][INFO] 2019-04-02 22:01:30,185: publisherUpdate[/rosout] -> http://9fe54ba3caf9:34401/
[rosmaster.master][INFO] 2019-04-02 22:01:30,186: -PUB [/clock] /play_1554242484047464012 http://9fe54ba3caf9:34163/
[rosmaster.master][INFO] 2019-04-02 22:01:30,187: -PUB [/camera/depth/image_raw] /play_1554242484047464012 http://9fe54ba3caf9:34163/
[rosmaster.master][INFO] 2019-04-02 22:01:30,188: -PUB [/camera/rgb/image_raw] /play_1554242484047464012 http://9fe54ba3caf9:34163/
[rosmaster.master][INFO] 2019-04-02 22:01:30,189: -PUB [/camera/rgb/image_mono] /play_1554242484047464012 http://9fe54ba3caf9:34163/
[rosmaster.master][INFO] 2019-04-02 22:01:30,189: -PUB [/camera/rgb/image_color] /play_1554242484047464012 http://9fe54ba3caf9:34163/
[rosmaster.master][INFO] 2019-04-02 22:01:30,190: -PUB [/camera/depth/image_rect_raw] /play_1554242484047464012 http://9fe54ba3caf9:34163/
[rosmaster.master][INFO] 2019-04-02 22:01:30,191: -PUB [/camera/depth/disparity] /play_1554242484047464012 http://9fe54ba3caf9:34163/
[rosmaster.master][INFO] 2019-04-02 22:01:30,191: -PUB [/camera/depth/image_rect] /play_1554242484047464012 http://9fe54ba3caf9:34163/
[rosmaster.master][INFO] 2019-04-02 22:01:30,192: -PUB [/camera/depth/points] /play_1554242484047464012 http://9fe54ba3caf9:34163/
[rosmaster.master][INFO] 2019-04-02 22:01:30,193: -SERVICE [/play_1554242484047464012/get_loggers] /play_1554242484047464012 rosrpc://9fe54ba3caf9:39075
[rosmaster.master][INFO] 2019-04-02 22:01:30,194: -SERVICE [/play_1554242484047464012/set_logger_level] /play_1554242484047464012 rosrpc://9fe54ba3caf9:39075
[rosmaster.master][INFO] 2019-04-02 22:01:30,241: publisherUpdate[/camera/depth/image_raw] -> http://9fe54ba3caf9:39067/
[rosmaster.master][INFO] 2019-04-02 22:01:35,630: -SUB [/camera/depth/image_raw] /depthtest http://9fe54ba3caf9:39067/
[rosmaster.master][INFO] 2019-04-02 22:01:35,631: -PUB [/rosout] /depthtest http://9fe54ba3caf9:39067/
[rosmaster.master][INFO] 2019-04-02 22:01:35,631: -SERVICE [/depthtest/get_loggers] /depthtest rosrpc://9fe54ba3caf9:41959
[rosmaster.master][INFO] 2019-04-02 22:01:35,631: -SERVICE [/depthtest/set_logger_level] /depthtest rosrpc://9fe54ba3caf9:41959
[rosmaster.master][INFO] 2019-04-02 22:01:35,651: publisherUpdate[/rosout] -> http://9fe54ba3caf9:34401/
[rosmaster.master][INFO] 2019-04-02 22:02:06,030: +PUB [/rosout] /depthtest http://9fe54ba3caf9:38431/
[rosmaster.master][INFO] 2019-04-02 22:02:06,033: +SERVICE [/depthtest/get_loggers] /depthtest http://9fe54ba3caf9:38431/
[rosmaster.master][INFO] 2019-04-02 22:02:06,035: +SERVICE [/depthtest/set_logger_level] /depthtest http://9fe54ba3caf9:38431/
[rosmaster.master][INFO] 2019-04-02 22:02:06,038: +SUB [/camera/depth/image_raw] /depthtest http://9fe54ba3caf9:38431/
[rosmaster.master][INFO] 2019-04-02 22:02:06,040: publisherUpdate[/rosout] -> http://9fe54ba3caf9:34401/
[rosmaster.master][INFO] 2019-04-02 22:02:08,829: +PUB [/rosout] /play_1554242528826065150 http://9fe54ba3caf9:33393/
[rosmaster.master][INFO] 2019-04-02 22:02:08,829: +SERVICE [/play_1554242528826065150/get_loggers] /play_1554242528826065150 http://9fe54ba3caf9:33393/
[rosmaster.master][INFO] 2019-04-02 22:02:08,830: +SERVICE [/play_1554242528826065150/set_logger_level] /play_1554242528826065150 http://9fe54ba3caf9:33393/
[rosmaster.master][INFO] 2019-04-02 22:02:08,832: +PUB [/clock] /play_1554242528826065150 http://9fe54ba3caf9:33393/
[rosmaster.master][INFO] 2019-04-02 22:02:08,845: publisherUpdate[/rosout] -> http://9fe54ba3caf9:34401/
[rosmaster.master][INFO] 2019-04-02 22:02:23,301: +PUB [/camera/depth/image_raw] /play_1554242528826065150 http://9fe54ba3caf9:33393/
[rosmaster.master][INFO] 2019-04-02 22:02:23,303: +PUB [/camera/rgb/image_color] /play_1554242528826065150 http://9fe54ba3caf9:33393/
[rosmaster.master][INFO] 2019-04-02 22:02:23,304: +PUB [/camera/rgb/image_mono] /play_1554242528826065150 http://9fe54ba3caf9:33393/
[rosmaster.master][INFO] 2019-04-02 22:02:23,305: +PUB [/camera/rgb/image_raw] /play_1554242528826065150 http://9fe54ba3caf9:33393/
[rosmaster.master][INFO] 2019-04-02 22:02:23,305: +PUB [/camera/depth/image_rect_raw] /play_1554242528826065150 http://9fe54ba3caf9:33393/
[rosmaster.master][INFO] 2019-04-02 22:02:23,306: +PUB [/camera/depth/disparity] /play_1554242528826065150 http://9fe54ba3caf9:33393/
[rosmaster.master][INFO] 2019-04-02 22:02:23,307: +PUB [/camera/depth/image_rect] /play_1554242528826065150 http://9fe54ba3caf9:33393/
[rosmaster.master][INFO] 2019-04-02 22:02:23,308: +PUB [/camera/depth/points] /play_1554242528826065150 http://9fe54ba3caf9:33393/
[rosmaster.master][INFO] 2019-04-02 22:02:23,322: publisherUpdate[/camera/depth/image_raw] -> http://9fe54ba3caf9:38431/
[rosmaster.master][INFO] 2019-04-02 22:02:31,273: -PUB [/rosout] /play_1554242528826065150 http://9fe54ba3caf9:33393/
[rosmaster.master][INFO] 2019-04-02 22:02:31,274: -PUB [/clock] /play_1554242528826065150 http://9fe54ba3caf9:33393/
[rosmaster.master][INFO] 2019-04-02 22:02:31,275: -PUB [/camera/depth/image_raw] /play_1554242528826065150 http://9fe54ba3caf9:33393/
[rosmaster.master][INFO] 2019-04-02 22:02:31,276: -PUB [/camera/rgb/image_color] /play_1554242528826065150 http://9fe54ba3caf9:33393/
[rosmaster.master][INFO] 2019-04-02 22:02:31,276: -PUB [/camera/rgb/image_mono] /play_1554242528826065150 http://9fe54ba3caf9:33393/
[rosmaster.master][INFO] 2019-04-02 22:02:31,277: -PUB [/camera/rgb/image_raw] /play_1554242528826065150 http://9fe54ba3caf9:33393/
[rosmaster.master][INFO] 2019-04-02 22:02:31,277: -PUB [/camera/depth/image_rect_raw] /play_1554242528826065150 http://9fe54ba3caf9:33393/
[rosmaster.master][INFO] 2019-04-02 22:02:31,278: -PUB [/camera/depth/disparity] /play_1554242528826065150 http://9fe54ba3caf9:33393/
[rosmaster.master][INFO] 2019-04-02 22:02:31,278: publisherUpdate[/rosout] -> http://9fe54ba3caf9:34401/
[rosmaster.master][INFO] 2019-04-02 22:02:31,278: publisherUpdate[/camera/depth/image_raw] -> http://9fe54ba3caf9:38431/
[rosmaster.master][INFO] 2019-04-02 22:02:31,279: -PUB [/camera/depth/image_rect] /play_1554242528826065150 http://9fe54ba3caf9:33393/
[rosmaster.master][INFO] 2019-04-02 22:02:31,280: -PUB [/camera/depth/points] /play_1554242528826065150 http://9fe54ba3caf9:33393/
[rosmaster.master][INFO] 2019-04-02 22:02:31,282: -SERVICE [/play_1554242528826065150/get_loggers] /play_1554242528826065150 rosrpc://9fe54ba3caf9:58281
[rosmaster.master][INFO] 2019-04-02 22:02:31,283: -SERVICE [/play_1554242528826065150/set_logger_level] /play_1554242528826065150 rosrpc://9fe54ba3caf9:58281
[rosmaster.master][INFO] 2019-04-02 22:02:35,070: -SUB [/camera/depth/image_raw] /depthtest http://9fe54ba3caf9:38431/
[rosmaster.master][INFO] 2019-04-02 22:02:35,070: -PUB [/rosout] /depthtest http://9fe54ba3caf9:38431/
[rosmaster.master][INFO] 2019-04-02 22:02:35,070: -SERVICE [/depthtest/get_loggers] /depthtest rosrpc://9fe54ba3caf9:44677
[rosmaster.master][INFO] 2019-04-02 22:02:35,071: -SERVICE [/depthtest/set_logger_level] /depthtest rosrpc://9fe54ba3caf9:44677
[rosmaster.master][INFO] 2019-04-02 22:02:35,085: publisherUpdate[/rosout] -> http://9fe54ba3caf9:34401/
[rosmaster.master][INFO] 2019-04-02 22:02:36,425: +PUB [/rosout] /depthtest http://9fe54ba3caf9:37415/
[rosmaster.master][INFO] 2019-04-02 22:02:36,428: +SERVICE [/depthtest/get_loggers] /depthtest http://9fe54ba3caf9:37415/
[rosmaster.master][INFO] 2019-04-02 22:02:36,430: +SERVICE [/depthtest/set_logger_level] /depthtest http://9fe54ba3caf9:37415/
[rosmaster.master][INFO] 2019-04-02 22:02:36,434: +SUB [/camera/depth/image_raw] /depthtest http://9fe54ba3caf9:37415/
[rosmaster.master][INFO] 2019-04-02 22:02:36,443: publisherUpdate[/rosout] -> http://9fe54ba3caf9:34401/
[rosmaster.master][INFO] 2019-04-02 22:02:57,886: -SUB [/camera/depth/image_raw] /depthtest http://9fe54ba3caf9:37415/
[rosmaster.master][INFO] 2019-04-02 22:02:57,886: -PUB [/rosout] /depthtest http://9fe54ba3caf9:37415/
[rosmaster.master][INFO] 2019-04-02 22:02:57,887: -SERVICE [/depthtest/get_loggers] /depthtest rosrpc://9fe54ba3caf9:34249
[rosmaster.master][INFO] 2019-04-02 22:02:57,887: -SERVICE [/depthtest/set_logger_level] /depthtest rosrpc://9fe54ba3caf9:34249
[rosmaster.master][INFO] 2019-04-02 22:02:57,921: publisherUpdate[/rosout] -> http://9fe54ba3caf9:34401/
[rosmaster.master][INFO] 2019-04-02 22:02:58,922: +PUB [/rosout] /depthtest http://9fe54ba3caf9:42575/
[rosmaster.master][INFO] 2019-04-02 22:02:58,923: publisherUpdate[/rosout] -> http://9fe54ba3caf9:34401/
[rosmaster.master][INFO] 2019-04-02 22:02:58,926: +SERVICE [/depthtest/get_loggers] /depthtest http://9fe54ba3caf9:42575/
[rosmaster.master][INFO] 2019-04-02 22:02:58,928: +SERVICE [/depthtest/set_logger_level] /depthtest http://9fe54ba3caf9:42575/
[rosmaster.master][INFO] 2019-04-02 22:02:58,931: +SUB [/camera/depth/image_raw] /depthtest http://9fe54ba3caf9:42575/
[rosmaster.master][INFO] 2019-04-02 22:03:01,138: +PUB [/rosout] /play_1554242581135670549 http://9fe54ba3caf9:34521/
[rosmaster.master][INFO] 2019-04-02 22:03:01,139: +SERVICE [/play_1554242581135670549/get_loggers] /play_1554242581135670549 http://9fe54ba3caf9:34521/
[rosmaster.master][INFO] 2019-04-02 22:03:01,140: +SERVICE [/play_1554242581135670549/set_logger_level] /play_1554242581135670549 http://9fe54ba3caf9:34521/
[rosmaster.master][INFO] 2019-04-02 22:03:01,142: +PUB [/clock] /play_1554242581135670549 http://9fe54ba3caf9:34521/
[rosmaster.master][INFO] 2019-04-02 22:03:01,149: +PUB [/camera/depth/image_raw] /play_1554242581135670549 http://9fe54ba3caf9:34521/
[rosmaster.master][INFO] 2019-04-02 22:03:01,150: +PUB [/camera/rgb/image_color] /play_1554242581135670549 http://9fe54ba3caf9:34521/
[rosmaster.master][INFO] 2019-04-02 22:03:01,151: +PUB [/camera/rgb/image_mono] /play_1554242581135670549 http://9fe54ba3caf9:34521/
[rosmaster.master][INFO] 2019-04-02 22:03:01,152: +PUB [/camera/rgb/image_raw] /play_1554242581135670549 http://9fe54ba3caf9:34521/
[rosmaster.master][INFO] 2019-04-02 22:03:01,153: +PUB [/camera/depth/image_rect_raw] /play_1554242581135670549 http://9fe54ba3caf9:34521/
[rosmaster.master][INFO] 2019-04-02 22:03:01,154: +PUB [/camera/depth/disparity] /play_1554242581135670549 http://9fe54ba3caf9:34521/
[rosmaster.master][INFO] 2019-04-02 22:03:01,155: +PUB [/camera/depth/image_rect] /play_1554242581135670549 http://9fe54ba3caf9:34521/
[rosmaster.master][INFO] 2019-04-02 22:03:01,156: +PUB [/camera/depth/points] /play_1554242581135670549 http://9fe54ba3caf9:34521/
[rosmaster.master][INFO] 2019-04-02 22:03:01,179: publisherUpdate[/rosout] -> http://9fe54ba3caf9:34401/
[rosmaster.master][INFO] 2019-04-02 22:03:01,180: publisherUpdate[/camera/depth/image_raw] -> http://9fe54ba3caf9:42575/
[rosmaster.master][INFO] 2019-04-02 22:03:06,188: -PUB [/rosout] /play_1554242581135670549 http://9fe54ba3caf9:34521/
[rosmaster.master][INFO] 2019-04-02 22:03:06,190: -PUB [/clock] /play_1554242581135670549 http://9fe54ba3caf9:34521/
[rosmaster.master][INFO] 2019-04-02 22:03:06,190: publisherUpdate[/rosout] -> http://9fe54ba3caf9:34401/
[rosmaster.master][INFO] 2019-04-02 22:03:06,192: -PUB [/camera/depth/image_raw] /play_1554242581135670549 http://9fe54ba3caf9:34521/
[rosmaster.master][INFO] 2019-04-02 22:03:06,192: publisherUpdate[/camera/depth/image_raw] -> http://9fe54ba3caf9:42575/
[rosmaster.master][INFO] 2019-04-02 22:03:06,194: -PUB [/camera/rgb/image_color] /play_1554242581135670549 http://9fe54ba3caf9:34521/
[rosmaster.master][INFO] 2019-04-02 22:03:06,195: -PUB [/camera/rgb/image_mono] /play_1554242581135670549 http://9fe54ba3caf9:34521/
[rosmaster.master][INFO] 2019-04-02 22:03:06,197: -PUB [/camera/rgb/image_raw] /play_1554242581135670549 http://9fe54ba3caf9:34521/
[rosmaster.master][INFO] 2019-04-02 22:03:06,198: -PUB [/camera/depth/image_rect_raw] /play_1554242581135670549 http://9fe54ba3caf9:34521/
[rosmaster.master][INFO] 2019-04-02 22:03:06,199: -PUB [/camera/depth/disparity] /play_1554242581135670549 http://9fe54ba3caf9:34521/
[rosmaster.master][INFO] 2019-04-02 22:03:06,201: -PUB [/camera/depth/image_rect] /play_1554242581135670549 http://9fe54ba3caf9:34521/
[rosmaster.master][INFO] 2019-04-02 22:03:06,202: -PUB [/camera/depth/points] /play_1554242581135670549 http://9fe54ba3caf9:34521/
[rosmaster.master][INFO] 2019-04-02 22:03:06,203: -SERVICE [/play_1554242581135670549/get_loggers] /play_1554242581135670549 rosrpc://9fe54ba3caf9:56085
[rosmaster.master][INFO] 2019-04-02 22:03:06,204: -SERVICE [/play_1554242581135670549/set_logger_level] /play_1554242581135670549 rosrpc://9fe54ba3caf9:56085
[rosmaster.master][INFO] 2019-04-02 22:03:12,966: -SUB [/camera/depth/image_raw] /depthtest http://9fe54ba3caf9:42575/
[rosmaster.master][INFO] 2019-04-02 22:03:12,967: -PUB [/rosout] /depthtest http://9fe54ba3caf9:42575/
[rosmaster.master][INFO] 2019-04-02 22:03:12,967: -SERVICE [/depthtest/get_loggers] /depthtest rosrpc://9fe54ba3caf9:38157
[rosmaster.master][INFO] 2019-04-02 22:03:12,967: -SERVICE [/depthtest/set_logger_level] /depthtest rosrpc://9fe54ba3caf9:38157
[rosmaster.master][INFO] 2019-04-02 22:03:13,006: publisherUpdate[/rosout] -> http://9fe54ba3caf9:34401/
